<?xml version="1.0" encoding="UTF-8"?><testsuite errors="0" failures="0" name="com.gorest.gorestappinfo.UserCRUDTestWithStep" skipped="0" tests="4" time="10.18" timestamp="2023-01-03T20:52:45.318Z[Europe/London]"><testcase classname="com.gorest.gorestappinfo.UserCRUDTestWithStep" name="This will create a new User"/><testcase classname="com.gorest.gorestappinfo.UserCRUDTestWithStep" name="This will Fetch user by ID"/><testcase classname="com.gorest.gorestappinfo.UserCRUDTestWithStep" name="Update the user information and verify the updated information"/><testcase classname="com.gorest.gorestappinfo.UserCRUDTestWithStep" name="Delete the user and verify if the user is deleted!"/></testsuite>